journalctl --list-boots -b --since=+0 --until=+20s
IDX BOOT ID                          FIRST ENTRY                 LAST ENTRY
 -4 f1df78aaf2434f0d9723a3129d408881 Wed 2025-03-12 18:17:45 UTC Wed 2025-03-12 18:25:24 UTC
 -3 032af61dcd8c42daa174362cac7b9b6d Wed 2025-03-12 18:25:35 UTC Wed 2025-03-12 18:25:57 UTC
 -2 ac30261ecd6e42a68c3148bf02a259cd Wed 2025-10-15 07:24:34 UTC Wed 2025-10-15 07:38:58 UTC
 -1 7d0b17e794114a5293a4597ed59b2eb8 Wed 2025-10-15 07:40:02 UTC Wed 2025-10-15 07:51:09 UTC
  0 054e1624ab174fffbeb617970e2ea844 Wed 2025-10-15 07:51:24 UTC Sun 2025-10-19 08:07:15 UTC

find / -name auth.log 2>/dev/null -exec awk -F: '{print $0}' {} \; | sed -E 's/\[[0-9]+\]//g' | sort -k4,4
2025-10-19T06:30:06.555513+00:00 eltex-practice2-pg1-v3 sshd: Accepted publickey for root from 172.16.8.4 port 52308 ssh2: RSA SHA256:KIso8Ku9fCZW+vPLQmhn2gb02QTDi36Ey2VzSgq1MI8
2025-10-19T07:14:29.473799+00:00 eltex-practice2-pg1-v3 sshd: Accepted publickey for root from 172.16.8.4 port 42818 ssh2: RSA SHA256:KIso8Ku9fCZW+vPLQmhn2gb02QTDi36Ey2VzSgq1MI8
2025-10-19T06:30:06.855597+00:00 eltex-practice2-pg1-v3 systemd-logind: New session 691 of user root.
2025-10-19T07:14:29.477152+00:00 eltex-practice2-pg1-v3 systemd-logind: New session 697 of user root.
2025-10-19T00:05:01.662158+00:00 eltex-practice2-pg1-v3 CRON: pam_unix(cron:session): session opened for user root(uid=0) by root(uid=0)
2025-10-19T00:05:01.725474+00:00 eltex-practice2-pg1-v3 CRON: pam_unix(cron:session): session closed for user root
2025-10-19T00:15:01.666829+00:00 eltex-practice2-pg1-v3 CRON: pam_unix(cron:session): session opened for user root(uid=0) by root(uid=0)
2025-10-19T00:15:01.668096+00:00 eltex-practice2-pg1-v3 CRON: pam_unix(cron:session): session closed for user root
2025-10-19T00:17:01.670379+00:00 eltex-practice2-pg1-v3 CRON: pam_unix(cron:session): session opened for user root(uid=0) by root(uid=0)
2025-10-19T00:17:02.355064+00:00 eltex-practice2-pg1-v3 CRON: pam_unix(cron:session): session closed for user root
2025-10-19T00:25:01.675062+00:00 eltex-practice2-pg1-v3 CRON: pam_unix(cron:session): session opened for user root(uid=0) by root(uid=0)
2025-10-19T00:25:01.676380+00:00 eltex-practice2-pg1-v3 CRON: pam_unix(cron:session): session closed for user root
2025-10-19T00:35:01.680544+00:00 eltex-practice2-pg1-v3 CRON: pam_unix(cron:session): session opened for user root(uid=0) by root(uid=0)
2025-10-19T00:35:01.681891+00:00 eltex-practice2-pg1-v3 CRON: pam_unix(cron:session): session closed for user root
2025-10-19T00:45:01.685689+00:00 eltex-practice2-pg1-v3 CRON: pam_unix(cron:session): session opened for user root(uid=0) by root(uid=0)
2025-10-19T00:45:01.686972+00:00 eltex-practice2-pg1-v3 CRON: pam_unix(cron:session): session closed for user root
2025-10-19T00:55:01.691220+00:00 eltex-practice2-pg1-v3 CRON: pam_unix(cron:session): session opened for user root(uid=0) by root(uid=0)
2025-10-19T00:55:01.692796+00:00 eltex-practice2-pg1-v3 CRON: pam_unix(cron:session): session closed for user root
2025-10-19T01:05:01.696847+00:00 eltex-practice2-pg1-v3 CRON: pam_unix(cron:session): session opened for user root(uid=0) by root(uid=0)
2025-10-19T01:05:01.698458+00:00 eltex-practice2-pg1-v3 CRON: pam_unix(cron:session): session closed for user root
2025-10-19T01:15:01.702643+00:00 eltex-practice2-pg1-v3 CRON: pam_unix(cron:session): session opened for user root(uid=0) by root(uid=0)
2025-10-19T01:15:01.704244+00:00 eltex-practice2-pg1-v3 CRON: pam_unix(cron:session): session closed for user root
2025-10-19T01:17:01.706613+00:00 eltex-practice2-pg1-v3 CRON: pam_unix(cron:session): session opened for user root(uid=0) by root(uid=0)
2025-10-19T01:17:02.469720+00:00 eltex-practice2-pg1-v3 CRON: pam_unix(cron:session): session closed for user root
2025-10-19T01:25:01.712220+00:00 eltex-practice2-pg1-v3 CRON: pam_unix(cron:session): session opened for user root(uid=0) by root(uid=0)
2025-10-19T01:25:01.802458+00:00 eltex-practice2-pg1-v3 CRON: pam_unix(cron:session): session closed for user root
2025-10-19T01:35:01.717557+00:00 eltex-practice2-pg1-v3 CRON: pam_unix(cron:session): session opened for user root(uid=0) by root(uid=0)
2025-10-19T01:35:01.718946+00:00 eltex-practice2-pg1-v3 CRON: pam_unix(cron:session): session closed for user root
2025-10-19T01:45:01.722741+00:00 eltex-practice2-pg1-v3 CRON: pam_unix(cron:session): session opened for user root(uid=0) by root(uid=0)
2025-10-19T01:45:01.724079+00:00 eltex-practice2-pg1-v3 CRON: pam_unix(cron:session): session closed for user root
2025-10-19T01:55:01.727738+00:00 eltex-practice2-pg1-v3 CRON: pam_unix(cron:session): session opened for user root(uid=0) by root(uid=0)
2025-10-19T01:55:01.728945+00:00 eltex-practice2-pg1-v3 CRON: pam_unix(cron:session): session closed for user root
2025-10-19T02:05:01.733056+00:00 eltex-practice2-pg1-v3 CRON: pam_unix(cron:session): session opened for user root(uid=0) by root(uid=0)
2025-10-19T02:05:01.734726+00:00 eltex-practice2-pg1-v3 CRON: pam_unix(cron:session): session closed for user root
2025-10-19T02:15:01.738102+00:00 eltex-practice2-pg1-v3 CRON: pam_unix(cron:session): session opened for user root(uid=0) by root(uid=0)
2025-10-19T02:15:01.739517+00:00 eltex-practice2-pg1-v3 CRON: pam_unix(cron:session): session closed for user root
2025-10-19T02:17:01.742312+00:00 eltex-practice2-pg1-v3 CRON: pam_unix(cron:session): session opened for user root(uid=0) by root(uid=0)
2025-10-19T02:17:02.694666+00:00 eltex-practice2-pg1-v3 CRON: pam_unix(cron:session): session closed for user root
2025-10-19T02:25:01.747331+00:00 eltex-practice2-pg1-v3 CRON: pam_unix(cron:session): session opened for user root(uid=0) by root(uid=0)
2025-10-19T02:25:02.577225+00:00 eltex-practice2-pg1-v3 CRON: pam_unix(cron:session): session closed for user root
2025-10-19T02:35:01.752791+00:00 eltex-practice2-pg1-v3 CRON: pam_unix(cron:session): session opened for user root(uid=0) by root(uid=0)
2025-10-19T02:35:01.754233+00:00 eltex-practice2-pg1-v3 CRON: pam_unix(cron:session): session closed for user root
2025-10-19T02:45:01.757842+00:00 eltex-practice2-pg1-v3 CRON: pam_unix(cron:session): session opened for user root(uid=0) by root(uid=0)
2025-10-19T02:45:01.759140+00:00 eltex-practice2-pg1-v3 CRON: pam_unix(cron:session): session closed for user root
2025-10-19T02:55:01.763290+00:00 eltex-practice2-pg1-v3 CRON: pam_unix(cron:session): session opened for user root(uid=0) by root(uid=0)
2025-10-19T02:55:01.764619+00:00 eltex-practice2-pg1-v3 CRON: pam_unix(cron:session): session closed for user root
2025-10-19T03:05:01.768018+00:00 eltex-practice2-pg1-v3 CRON: pam_unix(cron:session): session opened for user root(uid=0) by root(uid=0)
2025-10-19T03:05:01.774861+00:00 eltex-practice2-pg1-v3 CRON: pam_unix(cron:session): session closed for user root
2025-10-19T03:10:01.772716+00:00 eltex-practice2-pg1-v3 CRON: pam_unix(cron:session): session opened for user root(uid=0) by root(uid=0)
2025-10-19T03:10:02.853669+00:00 eltex-practice2-pg1-v3 CRON: pam_unix(cron:session): session closed for user root
2025-10-19T03:15:01.777121+00:00 eltex-practice2-pg1-v3 CRON: pam_unix(cron:session): session opened for user root(uid=0) by root(uid=0)
2025-10-19T03:15:01.778941+00:00 eltex-practice2-pg1-v3 CRON: pam_unix(cron:session): session closed for user root
2025-10-19T03:17:01.781823+00:00 eltex-practice2-pg1-v3 CRON: pam_unix(cron:session): session opened for user root(uid=0) by root(uid=0)
2025-10-19T03:17:01.783375+00:00 eltex-practice2-pg1-v3 CRON: pam_unix(cron:session): session closed for user root
2025-10-19T03:25:01.786593+00:00 eltex-practice2-pg1-v3 CRON: pam_unix(cron:session): session opened for user root(uid=0) by root(uid=0)
2025-10-19T03:25:01.787951+00:00 eltex-practice2-pg1-v3 CRON: pam_unix(cron:session): session closed for user root
2025-10-19T03:30:01.791870+00:00 eltex-practice2-pg1-v3 CRON: pam_unix(cron:session): session opened for user root(uid=0) by root(uid=0)
2025-10-19T03:30:02.565584+00:00 eltex-practice2-pg1-v3 CRON: pam_unix(cron:session): session closed for user root
2025-10-19T03:35:01.796090+00:00 eltex-practice2-pg1-v3 CRON: pam_unix(cron:session): session opened for user root(uid=0) by root(uid=0)
2025-10-19T03:35:02.758583+00:00 eltex-practice2-pg1-v3 CRON: pam_unix(cron:session): session closed for user root
2025-10-19T03:45:01.800841+00:00 eltex-practice2-pg1-v3 CRON: pam_unix(cron:session): session opened for user root(uid=0) by root(uid=0)
2025-10-19T03:45:01.802181+00:00 eltex-practice2-pg1-v3 CRON: pam_unix(cron:session): session closed for user root
2025-10-19T03:55:01.806080+00:00 eltex-practice2-pg1-v3 CRON: pam_unix(cron:session): session opened for user root(uid=0) by root(uid=0)
2025-10-19T03:55:01.807533+00:00 eltex-practice2-pg1-v3 CRON: pam_unix(cron:session): session closed for user root
2025-10-19T04:05:01.811411+00:00 eltex-practice2-pg1-v3 CRON: pam_unix(cron:session): session opened for user root(uid=0) by root(uid=0)
2025-10-19T04:05:01.818072+00:00 eltex-practice2-pg1-v3 CRON: pam_unix(cron:session): session closed for user root
2025-10-19T04:15:01.816944+00:00 eltex-practice2-pg1-v3 CRON: pam_unix(cron:session): session opened for user root(uid=0) by root(uid=0)
2025-10-19T04:15:01.818724+00:00 eltex-practice2-pg1-v3 CRON: pam_unix(cron:session): session closed for user root
2025-10-19T04:17:01.821233+00:00 eltex-practice2-pg1-v3 CRON: pam_unix(cron:session): session opened for user root(uid=0) by root(uid=0)
2025-10-19T04:17:02.272447+00:00 eltex-practice2-pg1-v3 CRON: pam_unix(cron:session): session closed for user root
2025-10-19T04:25:01.826059+00:00 eltex-practice2-pg1-v3 CRON: pam_unix(cron:session): session opened for user root(uid=0) by root(uid=0)
2025-10-19T04:25:01.827560+00:00 eltex-practice2-pg1-v3 CRON: pam_unix(cron:session): session closed for user root
2025-10-19T04:35:01.831528+00:00 eltex-practice2-pg1-v3 CRON: pam_unix(cron:session): session opened for user root(uid=0) by root(uid=0)
2025-10-19T04:35:01.832765+00:00 eltex-practice2-pg1-v3 CRON: pam_unix(cron:session): session closed for user root
2025-10-19T04:45:01.836888+00:00 eltex-practice2-pg1-v3 CRON: pam_unix(cron:session): session opened for user root(uid=0) by root(uid=0)
2025-10-19T04:45:01.838594+00:00 eltex-practice2-pg1-v3 CRON: pam_unix(cron:session): session closed for user root
2025-10-19T04:55:01.841992+00:00 eltex-practice2-pg1-v3 CRON: pam_unix(cron:session): session opened for user root(uid=0) by root(uid=0)
2025-10-19T04:55:01.843286+00:00 eltex-practice2-pg1-v3 CRON: pam_unix(cron:session): session closed for user root
2025-10-19T05:05:01.847437+00:00 eltex-practice2-pg1-v3 CRON: pam_unix(cron:session): session opened for user root(uid=0) by root(uid=0)
2025-10-19T05:05:01.848581+00:00 eltex-practice2-pg1-v3 CRON: pam_unix(cron:session): session closed for user root
2025-10-19T05:15:01.852008+00:00 eltex-practice2-pg1-v3 CRON: pam_unix(cron:session): session opened for user root(uid=0) by root(uid=0)
2025-10-19T05:15:01.946481+00:00 eltex-practice2-pg1-v3 CRON: pam_unix(cron:session): session closed for user root
2025-10-19T05:17:01.856141+00:00 eltex-practice2-pg1-v3 CRON: pam_unix(cron:session): session opened for user root(uid=0) by root(uid=0)
2025-10-19T05:17:01.857723+00:00 eltex-practice2-pg1-v3 CRON: pam_unix(cron:session): session closed for user root
2025-10-19T05:25:01.861047+00:00 eltex-practice2-pg1-v3 CRON: pam_unix(cron:session): session opened for user root(uid=0) by root(uid=0)
2025-10-19T05:25:01.862177+00:00 eltex-practice2-pg1-v3 CRON: pam_unix(cron:session): session closed for user root
2025-10-19T05:35:01.865762+00:00 eltex-practice2-pg1-v3 CRON: pam_unix(cron:session): session opened for user root(uid=0) by root(uid=0)
2025-10-19T05:35:01.866914+00:00 eltex-practice2-pg1-v3 CRON: pam_unix(cron:session): session closed for user root
2025-10-19T05:45:01.870824+00:00 eltex-practice2-pg1-v3 CRON: pam_unix(cron:session): session opened for user root(uid=0) by root(uid=0)
2025-10-19T05:45:01.872226+00:00 eltex-practice2-pg1-v3 CRON: pam_unix(cron:session): session closed for user root
2025-10-19T05:55:01.876154+00:00 eltex-practice2-pg1-v3 CRON: pam_unix(cron:session): session opened for user root(uid=0) by root(uid=0)
2025-10-19T05:55:01.877608+00:00 eltex-practice2-pg1-v3 CRON: pam_unix(cron:session): session closed for user root
2025-10-19T06:05:01.881128+00:00 eltex-practice2-pg1-v3 CRON: pam_unix(cron:session): session opened for user root(uid=0) by root(uid=0)
2025-10-19T06:05:01.882326+00:00 eltex-practice2-pg1-v3 CRON: pam_unix(cron:session): session closed for user root
2025-10-19T06:15:01.886280+00:00 eltex-practice2-pg1-v3 CRON: pam_unix(cron:session): session opened for user root(uid=0) by root(uid=0)
2025-10-19T06:15:02.678943+00:00 eltex-practice2-pg1-v3 CRON: pam_unix(cron:session): session closed for user root
2025-10-19T06:17:01.890152+00:00 eltex-practice2-pg1-v3 CRON: pam_unix(cron:session): session opened for user root(uid=0) by root(uid=0)
2025-10-19T06:17:01.891514+00:00 eltex-practice2-pg1-v3 CRON: pam_unix(cron:session): session closed for user root
2025-10-19T06:25:01.894704+00:00 eltex-practice2-pg1-v3 CRON: pam_unix(cron:session): session opened for user root(uid=0) by root(uid=0)
2025-10-19T06:25:01.894905+00:00 eltex-practice2-pg1-v3 CRON: pam_unix(cron:session): session opened for user root(uid=0) by root(uid=0)
2025-10-19T06:25:01.896070+00:00 eltex-practice2-pg1-v3 CRON: pam_unix(cron:session): session closed for user root
2025-10-19T06:25:01.899874+00:00 eltex-practice2-pg1-v3 CRON: pam_unix(cron:session): session closed for user root
2025-10-19T06:35:01.903824+00:00 eltex-practice2-pg1-v3 CRON: pam_unix(cron:session): session opened for user root(uid=0) by root(uid=0)
2025-10-19T06:35:01.904991+00:00 eltex-practice2-pg1-v3 CRON: pam_unix(cron:session): session closed for user root
2025-10-19T06:45:01.909272+00:00 eltex-practice2-pg1-v3 CRON: pam_unix(cron:session): session opened for user root(uid=0) by root(uid=0)
2025-10-19T06:45:01.910629+00:00 eltex-practice2-pg1-v3 CRON: pam_unix(cron:session): session closed for user root
2025-10-19T06:47:01.913090+00:00 eltex-practice2-pg1-v3 CRON: pam_unix(cron:session): session opened for user root(uid=0) by root(uid=0)
2025-10-19T06:47:01.914685+00:00 eltex-practice2-pg1-v3 CRON: pam_unix(cron:session): session closed for user root
2025-10-19T06:55:01.917863+00:00 eltex-practice2-pg1-v3 CRON: pam_unix(cron:session): session opened for user root(uid=0) by root(uid=0)
2025-10-19T06:55:02.182146+00:00 eltex-practice2-pg1-v3 CRON: pam_unix(cron:session): session closed for user root
2025-10-19T07:05:01.922635+00:00 eltex-practice2-pg1-v3 CRON: pam_unix(cron:session): session opened for user root(uid=0) by root(uid=0)
2025-10-19T07:05:01.923810+00:00 eltex-practice2-pg1-v3 CRON: pam_unix(cron:session): session closed for user root
2025-10-19T07:15:01.927521+00:00 eltex-practice2-pg1-v3 CRON: pam_unix(cron:session): session opened for user root(uid=0) by root(uid=0)
2025-10-19T07:15:02.186709+00:00 eltex-practice2-pg1-v3 CRON: pam_unix(cron:session): session closed for user root
2025-10-19T07:17:01.931385+00:00 eltex-practice2-pg1-v3 CRON: pam_unix(cron:session): session opened for user root(uid=0) by root(uid=0)
2025-10-19T07:17:01.932681+00:00 eltex-practice2-pg1-v3 CRON: pam_unix(cron:session): session closed for user root
2025-10-19T07:25:01.936855+00:00 eltex-practice2-pg1-v3 CRON: pam_unix(cron:session): session opened for user root(uid=0) by root(uid=0)
2025-10-19T07:25:01.938541+00:00 eltex-practice2-pg1-v3 CRON: pam_unix(cron:session): session closed for user root
2025-10-19T07:35:01.941998+00:00 eltex-practice2-pg1-v3 CRON: pam_unix(cron:session): session opened for user root(uid=0) by root(uid=0)
2025-10-19T07:35:01.943344+00:00 eltex-practice2-pg1-v3 CRON: pam_unix(cron:session): session closed for user root
2025-10-19T07:45:01.947466+00:00 eltex-practice2-pg1-v3 CRON: pam_unix(cron:session): session opened for user root(uid=0) by root(uid=0)
2025-10-19T07:45:01.949021+00:00 eltex-practice2-pg1-v3 CRON: pam_unix(cron:session): session closed for user root
2025-10-19T07:55:01.952505+00:00 eltex-practice2-pg1-v3 CRON: pam_unix(cron:session): session opened for user root(uid=0) by root(uid=0)
2025-10-19T07:55:01.953958+00:00 eltex-practice2-pg1-v3 CRON: pam_unix(cron:session): session closed for user root
2025-10-19T08:05:01.958211+00:00 eltex-practice2-pg1-v3 CRON: pam_unix(cron:session): session opened for user root(uid=0) by root(uid=0)
2025-10-19T08:05:02.227263+00:00 eltex-practice2-pg1-v3 CRON: pam_unix(cron:session): session closed for user root
2025-10-19T08:15:01.963951+00:00 eltex-practice2-pg1-v3 CRON: pam_unix(cron:session): session opened for user root(uid=0) by root(uid=0)
2025-10-19T08:15:01.965183+00:00 eltex-practice2-pg1-v3 CRON: pam_unix(cron:session): session closed for user root
2025-10-19T08:17:01.968328+00:00 eltex-practice2-pg1-v3 CRON: pam_unix(cron:session): session opened for user root(uid=0) by root(uid=0)
2025-10-19T08:17:02.103116+00:00 eltex-practice2-pg1-v3 CRON: pam_unix(cron:session): session closed for user root
2025-10-19T08:25:01.972947+00:00 eltex-practice2-pg1-v3 CRON: pam_unix(cron:session): session opened for user root(uid=0) by root(uid=0)
2025-10-19T08:25:02.311271+00:00 eltex-practice2-pg1-v3 CRON: pam_unix(cron:session): session closed for user root
2025-10-19T08:35:01.977744+00:00 eltex-practice2-pg1-v3 CRON: pam_unix(cron:session): session opened for user root(uid=0) by root(uid=0)
2025-10-19T08:35:01.979217+00:00 eltex-practice2-pg1-v3 CRON: pam_unix(cron:session): session closed for user root
2025-10-19T06:30:06.855413+00:00 eltex-practice2-pg1-v3 sshd: pam_unix(sshd:session): session opened for user root(uid=0) by root(uid=0)
2025-10-19T07:14:29.474798+00:00 eltex-practice2-pg1-v3 sshd: pam_unix(sshd:session): session opened for user root(uid=0) by root(uid=0)
2025-10-19T06:35:15.412310+00:00 eltex-practice2-pg1-v3 sudo: pam_unix(sudo:session): session opened for user root(uid=0) by root(uid=0)
2025-10-19T06:35:23.336633+00:00 eltex-practice2-pg1-v3 sudo: pam_unix(sudo:session): session closed for user root
2025-10-19T06:35:34.456146+00:00 eltex-practice2-pg1-v3 sudo: pam_unix(sudo:session): session opened for user root(uid=0) by root(uid=0)
2025-10-19T06:35:41.998247+00:00 eltex-practice2-pg1-v3 sudo: pam_unix(sudo:session): session closed for user root
2025-10-19T06:35:15.003624+00:00 eltex-practice2-pg1-v3 sudo:     root : TTY=pts/0 ; PWD=/ ; USER=root ; COMMAND=/usr/bin/apt install bzip2
2025-10-19T06:35:34.455880+00:00 eltex-practice2-pg1-v3 sudo:     root : TTY=pts/0 ; PWD=/ ; USER=root ; COMMAND=/usr/bin/apt install 7zip

find / -name auth.log 2>/dev/null -exec awk -F: '{print $4}' {} \; |  sed -E 's/\[[0-9]+\]//g' |  sort |sed -E 's/00 eltex-practice2-pg1-v3//g' | uniq -c |  sort -nr
    132  CRON
      6  sudo
      4  sshd
      2  systemd-logind

awk -F: '$7 == "/usr/sbin/nologin" {print $3 "," $1}' /etc/passwd | sort -t, -k1,1nr | while IFS=, read uid username; do groups=$(awk -F: -v user="$username" 'index($4, user) {printf "%s,", $1}' /etc/group | sed 's/,$//'); echo "$uid, $username, $groups"; done
65534, nobody,
1003, user3, users,users_group
998, systemd-network,
997, systemd-timesync,
992, systemd-resolve,
991, polkitd,
989, fwupd-refresh,
109, sshd,
108, usbmux,
107, landscape,
105, tcpdump,
104, uuidd,
103, syslog, adm
101, messagebus,
42, _apt,
39, irc,
38, list,
34, backup,
33, www-data,
13, proxy,
10, uucp,
9, news,
8, mail,
7, lp,
6, man,
5, games,
3, sys, adm
2, bin,
1, daemon,

dmesg | grep 'kernel'
[    0.044209] Booting paravirtualized kernel on KVM
[    0.045323] Unknown kernel command line parameters "BOOT_IMAGE=/vmlinuz-6.8.0-55-generic", will be passed to user space.
[    0.094629] Memory: 3933500K/4193760K available (22528K kernel code, 4443K rwdata, 14344K rodata, 4988K init, 4716K bss, 260000K reserved, 0K cma-reserved)
[    0.481201] Loaded X.509 cert 'Build time autogenerated kernel key: e0bedf6fa049a1e09bd65ebab3904f14cdd5bc68'
[    0.630419] Loaded X.509 cert 'Build time autogenerated kernel key: e0bedf6fa049a1e09bd65ebab3904f14cdd5bc68'
[    0.652374] Freeing unused kernel image (initmem) memory: 4988K
[    0.653140] Write protecting the kernel read-only data: 38912k
[    0.654196] Freeing unused kernel image (rodata/data gap) memory: 2040K
[    5.226451] systemd[1]: Listening on systemd-udevd-kernel.socket - udev Kernel Socket.
[    5.237628] systemd[1]: Mounting sys-kernel-debug.mount - Kernel Debug File System...
[    5.242203] systemd[1]: Mounting sys-kernel-tracing.mount - Kernel Trace File System...

wc -l /var/log/kern.log
11 /var/log/kern.log

awk '/^Commandline:/ {cmd=$0} /^Start-Date:/ {start=$0} /^End-Date:/ {end=$0; print cmd " ; " start " ; " end; cmd=start=end=""}' /var/log/apt/history.log
Commandline: apt-get install --reinstall apt ; Start-Date: 2025-02-16  20:51:22 ; End-Date: 2025-02-16  20:51:24
Commandline: apt-get install --reinstall base-files ; Start-Date: 2025-02-16  20:51:26 ; End-Date: 2025-02-16  20:51:28
Commandline: apt-get install --reinstall base-passwd ; Start-Date: 2025-02-16  20:51:31 ; End-Date: 2025-02-16  20:51:32
Commandline: apt-get install --reinstall bash ; Start-Date: 2025-02-16  20:51:35 ; End-Date: 2025-02-16  20:51:37
Commandline: apt-get install --reinstall bsdutils ; Start-Date: 2025-02-16  20:51:39 ; End-Date: 2025-02-16  20:51:41
Commandline: apt-get install --reinstall coreutils ; Start-Date: 2025-02-16  20:51:44 ; End-Date: 2025-02-16  20:51:45
Commandline: apt-get install --reinstall dash ; Start-Date: 2025-02-16  20:51:48 ; End-Date: 2025-02-16  20:51:49
Commandline: apt-get install --reinstall debconf ; Start-Date: 2025-02-16  20:51:52 ; End-Date: 2025-02-16  20:51:53
Commandline: apt-get install --reinstall debianutils ; Start-Date: 2025-02-16  20:51:56 ; End-Date: 2025-02-16  20:51:58
Commandline: apt-get install --reinstall diffutils ; Start-Date: 2025-02-16  20:52:00 ; End-Date: 2025-02-16  20:52:02
Commandline: apt-get install --reinstall dpkg ; Start-Date: 2025-02-16  20:52:04 ; End-Date: 2025-02-16  20:52:06
Commandline: apt-get install --reinstall e2fsprogs ; Start-Date: 2025-02-16  20:52:09 ; End-Date: 2025-02-16  20:52:10
Commandline: apt-get install --reinstall findutils ; Start-Date: 2025-02-16  20:52:13 ; End-Date: 2025-02-16  20:52:14
Commandline: apt-get install --reinstall gcc-14-base:amd64 ; Start-Date: 2025-02-16  20:52:17 ; End-Date: 2025-02-16  20:52:18
Commandline: apt-get install --reinstall gpgv ; Start-Date: 2025-02-16  20:52:21 ; End-Date: 2025-02-16  20:52:23
Commandline: apt-get install --reinstall grep ; Start-Date: 2025-02-16  20:52:25 ; End-Date: 2025-02-16  20:52:27
Commandline: apt-get install --reinstall gzip ; Start-Date: 2025-02-16  20:52:29 ; End-Date: 2025-02-16  20:52:31
Commandline: apt-get install --reinstall hostname ; Start-Date: 2025-02-16  20:52:34 ; End-Date: 2025-02-16  20:52:35
Commandline: apt-get install --reinstall init-system-helpers ; Start-Date: 2025-02-16  20:52:38 ; End-Date: 2025-02-16  20:52:39
Commandline: apt-get install --reinstall libacl1:amd64 ; Start-Date: 2025-02-16  20:52:42 ; End-Date: 2025-02-16  20:52:43
Commandline: apt-get install --reinstall libapt-pkg6.0t64:amd64 ; Start-Date: 2025-02-16  20:52:46 ; End-Date: 2025-02-16  20:52:47
Commandline: apt-get install --reinstall libassuan0:amd64 ; Start-Date: 2025-02-16  20:52:50 ; End-Date: 2025-02-16  20:52:51
Commandline: apt-get install --reinstall libattr1:amd64 ; Start-Date: 2025-02-16  20:52:54 ; End-Date: 2025-02-16  20:52:56
Commandline: apt-get install --reinstall libaudit-common ; Start-Date: 2025-02-16  20:52:58 ; End-Date: 2025-02-16  20:53:00
Commandline: apt-get install --reinstall libaudit1:amd64 ; Start-Date: 2025-02-16  20:53:02 ; End-Date: 2025-02-16  20:53:04
Commandline: apt-get install --reinstall libblkid1:amd64 ; Start-Date: 2025-02-16  20:53:06 ; End-Date: 2025-02-16  20:53:08
Commandline: apt-get install --reinstall libbz2-1.0:amd64 ; Start-Date: 2025-02-16  20:53:11 ; End-Date: 2025-02-16  20:53:12
Commandline: apt-get install --reinstall libc-bin ; Start-Date: 2025-02-16  20:53:15 ; End-Date: 2025-02-16  20:53:17
Commandline: apt-get install --reinstall libc6:amd64 ; Start-Date: 2025-02-16  20:53:19 ; End-Date: 2025-02-16  20:53:22
Commandline: apt-get install --reinstall libcap-ng0:amd64 ; Start-Date: 2025-02-16  20:53:25 ; End-Date: 2025-02-16  20:53:26
Commandline: apt-get install --reinstall libcap2:amd64 ; Start-Date: 2025-02-16  20:53:29 ; End-Date: 2025-02-16  20:53:30
Commandline: apt-get install --reinstall libcom-err2:amd64 ; Start-Date: 2025-02-16  20:53:33 ; End-Date: 2025-02-16  20:53:34
Commandline: apt-get install --reinstall libcrypt1:amd64 ; Start-Date: 2025-02-16  20:53:37 ; End-Date: 2025-02-16  20:53:38
Commandline: apt-get install --reinstall libdebconfclient0:amd64 ; Start-Date: 2025-02-16  20:53:41 ; End-Date: 2025-02-16  20:53:42
Commandline: apt-get install --reinstall libext2fs2t64:amd64 ; Start-Date: 2025-02-16  20:53:45 ; End-Date: 2025-02-16  20:53:46
Commandline: apt-get install --reinstall libffi8:amd64 ; Start-Date: 2025-02-16  20:53:49 ; End-Date: 2025-02-16  20:53:50
Commandline: apt-get install --reinstall libgcc-s1:amd64 ; Start-Date: 2025-02-16  20:53:53 ; End-Date: 2025-02-16  20:53:54
Commandline: apt-get install --reinstall libgcrypt20:amd64 ; Start-Date: 2025-02-16  20:53:57 ; End-Date: 2025-02-16  20:53:59
Commandline: apt-get install --reinstall libgmp10:amd64 ; Start-Date: 2025-02-16  20:54:01 ; End-Date: 2025-02-16  20:54:03
Commandline: apt-get install --reinstall libgnutls30t64:amd64 ; Start-Date: 2025-02-16  20:54:05 ; End-Date: 2025-02-16  20:54:07
Commandline: apt-get install --reinstall libgpg-error0:amd64 ; Start-Date: 2025-02-16  20:54:10 ; End-Date: 2025-02-16  20:54:11
Commandline: apt-get install --reinstall libhogweed6t64:amd64 ; Start-Date: 2025-02-16  20:54:14 ; End-Date: 2025-02-16  20:54:15
Commandline: apt-get install --reinstall libidn2-0:amd64 ; Start-Date: 2025-02-16  20:54:18 ; End-Date: 2025-02-16  20:54:19
Commandline: apt-get install --reinstall liblz4-1:amd64 ; Start-Date: 2025-02-16  20:54:22 ; End-Date: 2025-02-16  20:54:23
Commandline: apt-get install --reinstall liblzma5:amd64 ; Start-Date: 2025-02-16  20:54:26 ; End-Date: 2025-02-16  20:54:27
Commandline: apt-get install --reinstall libmd0:amd64 ; Start-Date: 2025-02-16  20:54:30 ; End-Date: 2025-02-16  20:54:32
Commandline: apt-get install --reinstall libmount1:amd64 ; Start-Date: 2025-02-16  20:54:34 ; End-Date: 2025-02-16  20:54:36
Commandline: apt-get install --reinstall libncursesw6:amd64 ; Start-Date: 2025-02-16  20:54:38 ; End-Date: 2025-02-16  20:54:39
Commandline: apt-get install --reinstall libnettle8t64:amd64 ; Start-Date: 2025-02-16  20:54:42 ; End-Date: 2025-02-16  20:54:43
Commandline: apt-get install --reinstall libnpth0t64:amd64 ; Start-Date: 2025-02-16  20:54:46 ; End-Date: 2025-02-16  20:54:48
Commandline: apt-get install --reinstall libp11-kit0:amd64 ; Start-Date: 2025-02-16  20:54:50 ; End-Date: 2025-02-16  20:54:52
Commandline: apt-get install --reinstall libpam-modules:amd64 ; Start-Date: 2025-02-16  20:54:54 ; End-Date: 2025-02-16  20:54:56
Commandline: apt-get install --reinstall libpam-modules-bin ; Start-Date: 2025-02-16  20:54:58 ; End-Date: 2025-02-16  20:55:00
Commandline: apt-get install --reinstall libpam-runtime ; Start-Date: 2025-02-16  20:55:03 ; End-Date: 2025-02-16  20:55:04
Commandline: apt-get install --reinstall libpam0g:amd64 ; Start-Date: 2025-02-16  20:55:07 ; End-Date: 2025-02-16  20:55:08
Commandline: apt-get install --reinstall libpcre2-8-0:amd64 ; Start-Date: 2025-02-16  20:55:11 ; End-Date: 2025-02-16  20:55:12
Commandline: apt-get install --reinstall libproc2-0:amd64 ; Start-Date: 2025-02-16  20:55:15 ; End-Date: 2025-02-16  20:55:16
Commandline: apt-get install --reinstall libseccomp2:amd64 ; Start-Date: 2025-02-16  20:55:19 ; End-Date: 2025-02-16  20:55:20
Commandline: apt-get install --reinstall libselinux1:amd64 ; Start-Date: 2025-02-16  20:55:23 ; End-Date: 2025-02-16  20:55:24
Commandline: apt-get install --reinstall libsemanage-common ; Start-Date: 2025-02-16  20:55:27 ; End-Date: 2025-02-16  20:55:28
Commandline: apt-get install --reinstall libsemanage2:amd64 ; Start-Date: 2025-02-16  20:55:31 ; End-Date: 2025-02-16  20:55:32
Commandline: apt-get install --reinstall libsepol2:amd64 ; Start-Date: 2025-02-16  20:55:35 ; End-Date: 2025-02-16  20:55:36
Commandline: apt-get install --reinstall libsmartcols1:amd64 ; Start-Date: 2025-02-16  20:55:38 ; End-Date: 2025-02-16  20:55:40
Commandline: apt-get install --reinstall libss2:amd64 ; Start-Date: 2025-02-16  20:55:42 ; End-Date: 2025-02-16  20:55:44
Commandline: apt-get install --reinstall libssl3t64:amd64 ; Start-Date: 2025-02-16  20:55:46 ; End-Date: 2025-02-16  20:55:48
Commandline: apt-get install --reinstall libstdc++6:amd64 ; Start-Date: 2025-02-16  20:55:51 ; End-Date: 2025-02-16  20:55:52
Commandline: apt-get install --reinstall libsystemd0:amd64 ; Start-Date: 2025-02-16  20:55:55 ; End-Date: 2025-02-16  20:55:56
Commandline: apt-get install --reinstall libtasn1-6:amd64 ; Start-Date: 2025-02-16  20:55:59 ; End-Date: 2025-02-16  20:56:00
Commandline: apt-get install --reinstall libtinfo6:amd64 ; Start-Date: 2025-02-16  20:56:03 ; End-Date: 2025-02-16  20:56:04
Commandline: apt-get install --reinstall libudev1:amd64 ; Start-Date: 2025-02-16  20:56:07 ; End-Date: 2025-02-16  20:56:08
Commandline: apt-get install --reinstall libunistring5:amd64 ; Start-Date: 2025-02-16  20:56:11 ; End-Date: 2025-02-16  20:56:13
Commandline: apt-get install --reinstall libuuid1:amd64 ; Start-Date: 2025-02-16  20:56:15 ; End-Date: 2025-02-16  20:56:17
Commandline: apt-get install --reinstall libxxhash0:amd64 ; Start-Date: 2025-02-16  20:56:19 ; End-Date: 2025-02-16  20:56:21
Commandline: apt-get install --reinstall libzstd1:amd64 ; Start-Date: 2025-02-16  20:56:23 ; End-Date: 2025-02-16  20:56:25
Commandline: apt-get install --reinstall login ; Start-Date: 2025-02-16  20:56:28 ; End-Date: 2025-02-16  20:56:29
Commandline: apt-get install --reinstall logsave ; Start-Date: 2025-02-16  20:56:32 ; End-Date: 2025-02-16  20:56:33
Commandline: apt-get install --reinstall mawk ; Start-Date: 2025-02-16  20:56:36 ; End-Date: 2025-02-16  20:56:37
Commandline: apt-get install --reinstall mount ; Start-Date: 2025-02-16  20:56:39 ; End-Date: 2025-02-16  20:56:41
Commandline: apt-get install --reinstall ncurses-base ; Start-Date: 2025-02-16  20:56:43 ; End-Date: 2025-02-16  20:56:45
Commandline: apt-get install --reinstall ncurses-bin ; Start-Date: 2025-02-16  20:56:47 ; End-Date: 2025-02-16  20:56:49
Commandline: apt-get install --reinstall passwd ; Start-Date: 2025-02-16  20:56:52 ; End-Date: 2025-02-16  20:56:53
Commandline: apt-get install --reinstall perl-base ; Start-Date: 2025-02-16  20:56:55 ; End-Date: 2025-02-16  20:56:57
Commandline: apt-get install --reinstall procps ; Start-Date: 2025-02-16  20:57:00 ; End-Date: 2025-02-16  20:57:01
Commandline: apt-get install --reinstall sed ; Start-Date: 2025-02-16  20:57:04 ; End-Date: 2025-02-16  20:57:05
Commandline: apt-get install --reinstall sensible-utils ; Start-Date: 2025-02-16  20:57:08 ; End-Date: 2025-02-16  20:57:09
Commandline: apt-get install --reinstall sysvinit-utils ; Start-Date: 2025-02-16  20:57:12 ; End-Date: 2025-02-16  20:57:13
Commandline: apt-get install --reinstall tar ; Start-Date: 2025-02-16  20:57:16 ; End-Date: 2025-02-16  20:57:17
Commandline: apt-get install --reinstall ubuntu-keyring ; Start-Date: 2025-02-16  20:57:20 ; End-Date: 2025-02-16  20:57:21
Commandline: apt-get install --reinstall util-linux ; Start-Date: 2025-02-16  20:57:24 ; End-Date: 2025-02-16  20:57:26
Commandline: apt-get install --reinstall zlib1g:amd64 ; Start-Date: 2025-02-16  20:57:28 ; End-Date: 2025-02-16  20:57:30
Commandline: apt-get --yes -oDebug::pkgDepCache::AutoInstall=yes --force-yes upgrade ; Start-Date: 2025-02-16  20:57:34 ; End-Date: 2025-02-16  20:57:38
Commandline: apt-get --yes -oDebug::pkgDepCache::AutoInstall=yes --force-yes dist-upgrade ; Start-Date: 2025-02-16  20:57:39 ; End-Date: 2025-02-16  20:57:39
Commandline: apt-get --yes -oDebug::pkgDepCache::AutoInstall=yes install adduser apparmor apport apport-core-dump-handler apt base-passwd bcache-tools btrfs-progs busybox-initramfs ca-certificates cloud-guest-utils cloud-init coreutils cpio cryptsetup cryptsetup-bin curl dbus dbus-bin dbus-daemon dbus-session-bus-common dbus-system-bus-common dbus-user-session debconf dhcpcd-base distro-info-data dmeventd dmsetup dpkg dracut-install e2fsprogs ethtool fdisk fuse3 gawk gcc-14-base gettext-base gir1.2-girepository-2.0 gir1.2-glib-2.0 gpgv init-system-helpers initramfs-tools initramfs-tools-bin initramfs-tools-core iproute2 klibc-utils kmod kpartx libacl1 libaio1t64 libapparmor1 libapt-pkg6.0t64 libargon2-1 libassuan0 libattr1 libaudit-common libaudit1 libblkid1 libbpf1 libbrotli1 libbsd0 libbz2-1.0 libc6 libcap-ng0 libcap2 libcap2-bin libcbor0.10 libcom-err2 libcrypt1 libcryptsetup12 libcurl4t64 libdb5.3t64 libdbus-1-3 libdebconfclient0 libdevmapper-event1.02.1 libdevmapper1.02.1 libdrm-common libdrm2 libedit2 libelf1t64 libexpat1 libext2fs2t64 libfdisk1 libffi8 libfido2-1 libfuse3-3 libgcc-s1 libgcrypt20 libgdbm-compat4t64 libgdbm6t64 libgirepository-1.0-1 libglib2.0-0t64 libgmp10 libgnutls30t64 libgpg-error0 libgssapi-krb5-2 libhogweed6t64 libicu74 libidn2-0 libinih1 libintl-perl libisns0t64 libjson-c5 libk5crypto3 libkeyutils1 libklibc libkmod2 libkrb5-3 libkrb5support0 libldap2 liblvm2cmd2.03 liblz4-1 liblzma5 liblzo2-2 libmd0 libmnl0 libmodule-find-perl libmodule-scandeps-perl libmount1 libmpfr6 libncursesw6 libnetplan1 libnettle8t64 libnghttp2-14 libnpth0t64 libopeniscsiusr libp11-kit0 libpam-modules libpam-modules-bin libpam-runtime libpam-systemd libpam0g libpci3 libpcre2-8-0 libperl5.38t64 libpopt0 libproc-processtable-perl libproc2-0 libpsl5t64 libpython3-stdlib libpython3.12-minimal libpython3.12-stdlib libreadline8t64 libreiserfscore0t64 librtmp1 libsasl2-2 libsasl2-modules-db libseccomp2 libselinux1 libsemanage-common libsemanage2 libsepol2 libsgutils2-1.46-2 libsigsegv2 libsmartcols1 libsort-naturally-perl libsqlite3-0 libss2 libssh-4 libssl3t64 libstdc++6 libsystemd-shared libsystemd0 libtasn1-6 libterm-readkey-perl libtinfo6 libtirpc-common libtirpc3t64 libudev1 libunistring5 liburcu8t64 libusb-1.0-0 libuuid1 libxtables12 libxxhash0 libyaml-0-2 libzstd1 linux-base logsave lsb-base lsb-release lvm2 mdadm media-types mount multipath-tools needrestart netbase netplan-generator netplan.io open-iscsi openssh-client openssl passwd pci.ids pciutils perl perl-base perl-modules-5.38 pollinate procps python-apt-common python3 python3-apport python3-apt python3-attr python3-blinker python3-certifi python3-cffi-backend python3-chardet python3-click python3-colorama python3-configobj python3-cryptography python3-dbus python3-debconf python3-distro python3-distro-info python3-distupgrade python3-gi python3-httplib2 python3-idna python3-jinja2 python3-json-pointer python3-jsonpatch python3-jsonschema python3-jwt python3-launchpadlib python3-lazr.restfulclient python3-lazr.uri python3-markupsafe python3-minimal python3-netplan python3-oauthlib python3-pkg-resources python3-problem-report python3-pyparsing python3-pyrsistent python3-requests python3-serial python3-six python3-update-manager python3-urllib3 python3-wadllib python3-xkit python3-yaml python3.12 python3.12-minimal readline-common sed sensible-utils sg3-utils sg3-utils-udev snapd squashfs-tools sudo systemd systemd-dev systemd-resolved systemd-sysv sysvinit-utils tar tzdata ubuntu-drivers-common ubuntu-keyring ubuntu-release-upgrader-core ubuntu-server-minimal ucf udev unattended-upgrades unminimize usbutils xfsprogs xxd xz-utils zlib1g lxd-installer ; Start-Date: 2025-02-16  20:57:42 ; End-Date: 2025-02-16  20:58:20
Commandline: apt-get install --reinstall -y gdisk zstd unattended-upgrades xfsprogs multipath-tools kpartx cloud-init squashfs-tools sg3-utils pollinate packagekit-tools polkitd xml-core needrestart mdadm lvm2 libterm-readkey-perl libsort-naturally-perl libproc-processtable-perl:amd64 libmodule-scandeps-perl libmodule-find-perl libldap-common libintl-xs-perl libintl-perl libglib2.0-bin gpg-wks-client gnupg keyboxd gpgsm gpg-agent pinentry-curses gpg gnupg-utils finalrd fdisk eatmydata dmeventd dirmngr gpgconf curl initramfs-tools linux-base initramfs-tools-core cryptsetup cryptsetup-bin btrfs-progs bcache-tools appstream libsasl2-2:amd64 xz-utils xauth ubuntu-release-upgrader-core plymouth openssh-client libx11-data libedit2:amd64 groff-base gettext-base fuse3 cpio apparmor xxd xdg-user-dirs ucf systemd-timesyncd systemd-resolved sudo shared-mime-info python3-pygments networkd-dispatcher netplan.io cloud-guest-utils thin-provisioning-tools software-properties-common snapd iproute2 libcap2-bin libtirpc-common libpam-systemd:amd64 coreutils ncurses-bin mawk libsemanage-common bash base-passwd tar sysvinit-utils sensible-utils sed apt init-system-helpers hostname gzip grep gpgv findutils diffutils debconf debianutils dash adduser kmod usbutils pciutils sgml-base perl libperl5.38t64:amd64 dmsetup dhcpcd-base open-iscsi udev gawk python3-chardet lsb-release dbus-daemon dbus-bin systemd-sysv systemd python3 python3.12 readline-common ethtool netplan-generator libpam-cap:amd64 libnss-systemd:amd64 console-setup keyboard-configuration xkb-data liblocale-gettext-perl kbd ca-certificates openssl libpam-modules:amd64 python3-minimal python3.12-minimal procps passwd libpam-modules-bin logsave libpam-runtime libaudit-common mount e2fsprogs util-linux perl-base bsdutils apport libc-bin base-files login dpkg ; Start-Date: 2025-02-16  20:58:40 ; End-Date: 2025-02-16  20:59:23
Commandline: apt-get install --reinstall -y cryptsetup-initramfs dbus dbus-session-bus-common dbus-system-bus-common distro-info-data dracut-install gcc-14-base:amd64 gnupg-l10n iso-codes libapt-pkg6.0t64:amd64 libc6:amd64 libcbor0.10:amd64 libcryptsetup12:amd64 libdb5.3t64:amd64 libdbus-1-3:amd64 libexpat1:amd64 libfuse3-3:amd64 libgcrypt20:amd64 libglib2.0-0t64:amd64 libgmp10:amd64 libgnutls30t64:amd64 libgpg-error0:amd64 libidn2-0:amd64 libjson-c5:amd64 libklibc:amd64 libkrb5-3:amd64 libksba8:amd64 libldap2:amd64 liblzma5:amd64 liblzo2-2:amd64 libmpfr6:amd64 libnettle8t64:amd64 libnghttp2-14:amd64 libopeniscsiusr libp11-kit0:amd64 libpam0g:amd64 libpcre2-8-0:amd64 libpng16-16t64:amd64 libpolkit-gobject-1-0:amd64 libpopt0:amd64 libproc2-0:amd64 libpython3-stdlib:amd64 libpython3.12-minimal:amd64 libreadline8t64:amd64 libsigsegv2:amd64 libsqlite3-0:amd64 libssh-4:amd64 libstemmer0d:amd64 libsystemd-shared:amd64 libsystemd0:amd64 libtasn1-6:amd64 libtirpc3t64:amd64 libudev1:amd64 libusb-1.0-0:amd64 libxml2:amd64 libxtables12:amd64 lsb-base ncurses-base packagekit perl-modules-5.38 publicsuffix python3-babel python3-certifi python3-colorama python3-dbus python3-gi python3-httplib2 python3-json-pointer python3-jsonpatch python3-jwt python3-launchpadlib python3-lazr.restfulclient python3-lazr.uri python3-markdown-it python3-oauthlib python3-pkg-resources python3-requests python3-rich python3-serial python3-software-properties python3-tz python3-wadllib python3-yaml systemd-dev tzdata ubuntu-drivers-common ; Start-Date: 2025-02-16  20:59:26 ; End-Date: 2025-02-16  20:59:43
Commandline: apt-get install -y ubuntu-minimal ubuntu-standard ; Start-Date: 2025-02-16  20:59:50 ; End-Date: 2025-02-16  21:00:01
Commandline: apt-get -y --fix-policy install ; Start-Date: 2025-02-16  21:00:04 ; End-Date: 2025-02-16  21:00:04
Commandline: apt-get --yes -oDebug::pkgDepCache::AutoInstall=yes install adduser apparmor apport apport-core-dump-handler apport-symptoms appstream apt apt-utils base-files base-passwd bash bash-completion bc bcache-tools bind9-dnsutils bind9-host bind9-libs bolt bsdextrautils bsdutils btrfs-progs busybox-initramfs busybox-static byobu ca-certificates cloud-guest-utils cloud-initramfs-copymods cloud-initramfs-dyn-netconf command-not-found console-setup console-setup-linux coreutils cpio cron cron-daemon-common cryptsetup cryptsetup-bin cryptsetup-initramfs curl dash dbus dbus-bin dbus-daemon dbus-session-bus-common dbus-system-bus-common dbus-user-session debconf debconf-i18n debianutils dhcpcd-base diffutils dirmngr distro-info distro-info-data dmeventd dmidecode dmsetup dosfstools dpkg dracut-install e2fsprogs ed eject ethtool fdisk file finalrd findutils fonts-ubuntu-console friendly-recovery ftp fuse3 fwupd fwupd-signed gawk gcc-14-base gdisk gettext-base gir1.2-girepository-2.0 gir1.2-glib-2.0 gir1.2-packagekitglib-1.0 git git-man gnupg gnupg-l10n gnupg-utils gpg gpg-agent gpg-wks-client gpgconf gpgsm gpgv grep groff-base gzip hdparm hostname htop ibverbs-providers inetutils-telnet info init init-system-helpers initramfs-tools initramfs-tools-bin initramfs-tools-core install-info iproute2 iptables iputils-ping iputils-tracepath iso-codes jq kbd keyboard-configuration keyboxd klibc-utils kmod kpartx krb5-locales landscape-common less libacl1 libaio1t64 libapparmor1 libappstream5 libapt-pkg6.0t64 libarchive13t64 libargon2-1 libassuan0 libatasmart4 libatm1t64 libattr1 libaudit-common libaudit1 libblkid1 libblockdev-crypto3 libblockdev-fs3 libblockdev-loop3 libblockdev-mdraid3 libblockdev-nvme3 libblockdev-part3 libblockdev-swap3 libblockdev-utils3 libblockdev3 libbpf1 libbrotli1 libbsd0 libbytesize-common libbytesize1 libbz2-1.0 libc-bin libc6 libcap-ng0 libcap2 libcap2-bin libcbor0.10 libcom-err2 libcrypt1 libcryptsetup12 libcurl3t64-gnutls libcurl4t64 libdb5.3t64 libdbus-1-3 libdebconfclient0 libdevmapper-event1.02.1 libdevmapper1.02.1 libdrm-common libdrm2 libduktape207 libdw1t64 libedit2 libelf1t64 liberror-perl libestr0 libevdev2 libevent-core-2.1-7t64 libexpat1 libext2fs2t64 libfastjson4 libfdisk1 libffi8 libfido2-1 libflashrom1 libfribidi0 libftdi1-2 libfuse3-3 libfwupd2 libgcc-s1 libgcrypt20 libgdbm-compat4t64 libgdbm6t64 libgirepository-1.0-1 libglib2.0-0t64 libglib2.0-bin libglib2.0-data libgmp10 libgnutls30t64 libgpg-error0 libgpgme11t64 libgpm2 libgssapi-krb5-2 libgstreamer1.0-0 libgudev-1.0-0 libgusb2 libhogweed6t64 libibverbs1 libicu74 libidn2-0 libinih1 libintl-perl libintl-xs-perl libip4tc2 libip6tc2 libisns0t64 libjansson4 libjcat1 libjq1 libjson-c5 libjson-glib-1.0-0 libjson-glib-1.0-common libk5crypto3 libkeyutils1 libklibc libkmod2 libkrb5-3 libkrb5support0 libksba8 libldap-common libldap2 liblmdb0 liblocale-gettext-perl liblvm2cmd2.03 liblz4-1 liblzma5 liblzo2-2 libmagic-mgc libmagic1t64 libmaxminddb0 libmbim-glib4 libmbim-proxy libmbim-utils libmd0 libmm-glib0 libmnl0 libmodule-find-perl libmodule-scandeps-perl libmount1 libmpfr6 libmspack0t64 libncurses6 libncursesw6 libnetfilter-conntrack3 libnetplan1 libnettle8t64 libnewt0.52 libnfnetlink0 libnftables1 libnftnl11 libnghttp2-14 libnl-3-200 libnl-genl-3-200 libnl-route-3-200 libnpth0t64 libnspr4 libnss-systemd libnss3 libntfs-3g89t64 libnuma1 libnvme1t64 libonig5 libopeniscsiusr libp11-kit0 libpackagekit-glib2-18 libpam-cap libpam-modules libpam-modules-bin libpam-runtime libpam-systemd libpam0g libparted2t64 libpcap0.8t64 libpci3 libpcre2-8-0 libperl5.38t64 libpipeline1 libplymouth5 libpng16-16t64 libpolkit-agent-1-0 libpolkit-gobject-1-0 libpopt0 libproc-processtable-perl libproc2-0 libprotobuf-c1 libpsl5t64 libpython3-stdlib libpython3.12-minimal libpython3.12-stdlib libpython3.12t64 libqmi-glib5 libqmi-proxy libqmi-utils libqrtr-glib0 libreadline8t64 libreiserfscore0t64 librtmp1 libsasl2-2 libsasl2-modules libsasl2-modules-db libseccomp2 libselinux1 libsemanage-common libsemanage2 libsensors-config libsensors5 libsepol2 libsgutils2-1.46-2 libsigsegv2 libslang2 libsmartcols1 libsodium23 libsort-naturally-perl libsqlite3-0 libss2 libssh-4 libssl3t64 libstdc++6 libstemmer0d libsystemd-shared libsystemd0 libtasn1-6 libtcl8.6 libterm-readkey-perl libtext-charwidth-perl libtext-iconv-perl libtext-wrapi18n-perl libtinfo6 libtirpc-common libtirpc3t64 libtraceevent1 libtraceevent1-plugin libtracefs1 libtss2-esys-3.0.2-0t64 libtss2-mu-4.0.1-0t64 libtss2-sys1t64 libtss2-tcti-cmd0t64 libtss2-tcti-device0t64 libtss2-tcti-mssim0t64 libtss2-tcti-swtpm0t64 libuchardet0 libudev1 libudisks2-0 libunistring5 libunwind8 liburcu8t64 libusb-1.0-0 libutempter0 libuuid1 libuv1t64 libvolume-key1 libx11-6 libx11-data libxau6 libxcb1 libxdmcp6 libxext6 libxkbcommon0 libxml2 libxmlb2 libxmlsec1t64 libxmlsec1t64-openssl libxmuu1 libxslt1.1 libxtables12 libxxhash0 libyaml-0-2 libzstd1 linux-base locales login logrotate logsave lsb-release lshw lsof lvm2 lxd-agent-loader lxd-installer man-db manpages mawk mdadm media-types modemmanager motd-news-config mount mtr-tiny multipath-tools nano ncurses-base ncurses-bin needrestart netbase netcat-openbsd netplan-generator netplan.io networkd-dispatcher nftables ntfs-3g numactl open-iscsi open-vm-tools openssh-client openssl overlayroot packagekit packagekit-tools parted passwd pastebinit patch pci.ids pciutils perl perl-base perl-modules-5.38 pinentry-curses plymouth plymouth-theme-ubuntu-text polkitd pollinate powermgmt-base procps psmisc publicsuffix python-apt-common python3 python3-apport python3-apt python3-attr python3-automat python3-bcrypt python3-blinker python3-boto3 python3-botocore python3-certifi python3-cffi-backend python3-chardet python3-click python3-colorama python3-commandnotfound python3-configobj python3-constantly python3-cryptography python3-dateutil python3-dbus python3-debconf python3-debian python3-distro python3-distro-info python3-distupgrade python3-gdbm python3-gi python3-hamcrest python3-httplib2 python3-hyperlink python3-idna python3-incremental python3-jmespath python3-jwt python3-launchpadlib python3-lazr.restfulclient python3-lazr.uri python3-magic python3-markdown-it python3-mdurl python3-minimal python3-netifaces python3-netplan python3-newt python3-oauthlib python3-openssl python3-packaging python3-pexpect python3-pkg-resources python3-problem-report python3-ptyprocess python3-pyasn1 python3-pyasn1-modules python3-pygments python3-pyparsing python3-requests python3-rich python3-s3transfer python3-service-identity python3-setuptools python3-six python3-software-properties python3-systemd python3-twisted python3-update-manager python3-urllib3 python3-wadllib python3-yaml python3-zope.interface python3.12 python3.12-minimal readline-common rsync rsyslog run-one sbsigntool screen secureboot-db sed sensible-utils sg3-utils sg3-utils-udev sgml-base shared-mime-info snapd software-properties-common sosreport squashfs-tools strace sudo sysstat systemd systemd-dev systemd-hwe-hwdb systemd-resolved systemd-sysv systemd-timesyncd sysvinit-utils tar tcl tcl8.6 tcpdump telnet thin-provisioning-tools time tmux tnftp tpm-udev trace-cmd tzdata ubuntu-keyring ubuntu-minimal ubuntu-pro-client ubuntu-pro-client-l10n ubuntu-release-upgrader-core ubuntu-server ubuntu-standard ucf udev udisks2 ufw unattended-upgrades update-manager-core update-notifier-common usb-modeswitch usb-modeswitch-data usb.ids usbutils util-linux uuid-runtime vim vim-common vim-runtime vim-tiny wget whiptail xauth xdg-user-dirs xfsprogs xkb-data xml-core xxd xz-utils zerofree zlib1g zstd cloud-init ; Start-Date: 2025-02-16  21:00:10 ; End-Date: 2025-02-16  21:00:28
Commandline: apt-get --quiet --assume-yes --option=Dpkg::options::=--force-unsafe-io --option=Dpkg::Options::=--force-confold install grub-pc ; Start-Date: 2025-03-12  18:07:37 ; End-Date: 2025-03-12  18:08:03
Commandline: apt-get --quiet --assume-yes --option=Dpkg::options::=--force-unsafe-io --option=Dpkg::Options::=--force-confold install linux-generic ; Start-Date: 2025-03-12  18:08:37 ; End-Date: 2025-03-12  18:11:58
Commandline: apt-get --quiet --assume-yes --option=Dpkg::options::=--force-unsafe-io --option=Dpkg::Options::=--force-confold install openssh-server ; Start-Date: 2025-03-12  18:12:45 ; End-Date: 2025-03-12  18:13:11
Commandline: /usr/bin/unattended-upgrades -v ; Start-Date: 2025-03-12  18:13:21 ; End-Date: 2025-03-12  18:14:11
Commandline: apt dist-upgrade ; Start-Date: 2025-03-12  18:19:08 ; End-Date: 2025-03-12  18:21:04
Commandline: apt install vim qemu-guest-agent ; Start-Date: 2025-03-12  18:21:23 ; End-Date: 2025-03-12  18:21:31
Commandline: /usr/bin/unattended-upgrade ; Start-Date: 2025-10-16  06:41:44 ; End-Date: 2025-10-16  06:47:14
Commandline: /usr/bin/unattended-upgrade ; Start-Date: 2025-10-16  06:47:30 ; End-Date: 2025-10-16  06:48:19
Commandline: /usr/bin/unattended-upgrade ; Start-Date: 2025-10-16  06:48:23 ; End-Date: 2025-10-16  06:49:41
Commandline: /usr/bin/unattended-upgrade ; Start-Date: 2025-10-16  06:49:56 ; End-Date: 2025-10-16  06:54:19
Commandline: /usr/bin/unattended-upgrade ; Start-Date: 2025-10-16  06:54:33 ; End-Date: 2025-10-16  06:59:13
Commandline: /usr/bin/unattended-upgrade ; Start-Date: 2025-10-16  06:59:17 ; End-Date: 2025-10-16  07:00:13
Commandline: /usr/bin/unattended-upgrade ; Start-Date: 2025-10-16  07:00:24 ; End-Date: 2025-10-16  07:06:28
Commandline: /usr/bin/unattended-upgrade ; Start-Date: 2025-10-16  07:06:32 ; End-Date: 2025-10-16  07:10:17
Commandline: /usr/bin/unattended-upgrade ; Start-Date: 2025-10-16  07:10:20 ; End-Date: 2025-10-16  07:11:23
Commandline: /usr/bin/unattended-upgrade ; Start-Date: 2025-10-16  07:11:28 ; End-Date: 2025-10-16  07:26:14
Commandline: /usr/bin/unattended-upgrade ; Start-Date: 2025-10-16  07:26:26 ; End-Date: 2025-10-16  07:30:16
Commandline: /usr/bin/unattended-upgrade ; Start-Date: 2025-10-16  07:30:41 ; End-Date: 2025-10-16  07:33:59
Commandline: /usr/bin/unattended-upgrade ; Start-Date: 2025-10-16  07:34:03 ; End-Date: 2025-10-16  07:36:42
Commandline: /usr/bin/unattended-upgrade ; Start-Date: 2025-10-16  07:36:47 ; End-Date: 2025-10-16  07:40:01
Commandline: /usr/bin/unattended-upgrade ; Start-Date: 2025-10-16  07:40:25 ; End-Date: 2025-10-16  07:46:00
Commandline: /usr/bin/unattended-upgrade ; Start-Date: 2025-10-16  07:46:16 ; End-Date: 2025-10-16  07:49:14
Commandline: /usr/bin/unattended-upgrade ; Start-Date: 2025-10-16  07:49:22 ; End-Date: 2025-10-16  07:49:52
Commandline: /usr/bin/unattended-upgrade ; Start-Date: 2025-10-16  07:49:56 ; End-Date: 2025-10-16  07:52:01
Commandline: /usr/bin/unattended-upgrade ; Start-Date: 2025-10-16  07:52:16 ; End-Date: 2025-10-16  07:52:52
Commandline: /usr/bin/unattended-upgrade ; Start-Date: 2025-10-16  07:52:57 ; End-Date: 2025-10-16  07:54:28
Commandline: /usr/bin/unattended-upgrade ; Start-Date: 2025-10-16  07:54:31 ; End-Date: 2025-10-16  07:55:13
Commandline: /usr/bin/unattended-upgrade ; Start-Date: 2025-10-16  07:55:22 ; End-Date: 2025-10-16  07:57:50
Commandline: /usr/bin/unattended-upgrade ; Start-Date: 2025-10-16  07:57:53 ; End-Date: 2025-10-16  07:59:41
Commandline: /usr/bin/unattended-upgrade ; Start-Date: 2025-10-16  07:59:44 ; End-Date: 2025-10-16  08:06:35
Commandline: /usr/bin/unattended-upgrade ; Start-Date: 2025-10-16  08:06:43 ; End-Date: 2025-10-16  08:10:30
Commandline: /usr/bin/unattended-upgrade ; Start-Date: 2025-10-16  08:10:44 ; End-Date: 2025-10-16  08:11:43
Commandline: /usr/bin/unattended-upgrade ; Start-Date: 2025-10-16  08:11:53 ; End-Date: 2025-10-16  08:13:17
Commandline: /usr/bin/unattended-upgrade ; Start-Date: 2025-10-16  08:13:23 ; End-Date: 2025-10-16  08:14:24
Commandline: /usr/bin/unattended-upgrade ; Start-Date: 2025-10-16  08:14:37 ; End-Date: 2025-10-16  08:16:11
Commandline: /usr/bin/unattended-upgrade ; Start-Date: 2025-10-16  08:16:19 ; End-Date: 2025-10-16  08:36:08
Commandline: /usr/bin/unattended-upgrade ; Start-Date: 2025-10-16  08:36:16 ; End-Date: 2025-10-16  08:38:29
Commandline: /usr/bin/unattended-upgrade ; Start-Date: 2025-10-16  08:38:41 ; End-Date: 2025-10-16  08:40:36
Commandline: /usr/bin/unattended-upgrade ; Start-Date: 2025-10-16  08:40:40 ; End-Date: 2025-10-16  08:41:47
Commandline: /usr/bin/unattended-upgrade ; Start-Date: 2025-10-16  08:41:52 ; End-Date: 2025-10-16  08:43:24
Commandline: /usr/bin/unattended-upgrade ; Start-Date: 2025-10-16  08:43:35 ; End-Date: 2025-10-16  08:46:33
Commandline: /usr/bin/unattended-upgrade ; Start-Date: 2025-10-16  08:46:36 ; End-Date: 2025-10-16  08:47:31
Commandline: /usr/bin/unattended-upgrade ; Start-Date: 2025-10-16  08:47:36 ; End-Date: 2025-10-16  08:47:59
Commandline: /usr/bin/unattended-upgrade ; Start-Date: 2025-10-16  08:48:03 ; End-Date: 2025-10-16  08:49:17
Commandline: /usr/bin/unattended-upgrade ; Start-Date: 2025-10-16  08:49:20 ; End-Date: 2025-10-16  08:50:23
Commandline: /usr/bin/unattended-upgrade ; Start-Date: 2025-10-16  08:50:27 ; End-Date: 2025-10-16  08:50:46
Commandline: /usr/bin/unattended-upgrade ; Start-Date: 2025-10-16  08:50:52 ; End-Date: 2025-10-16  08:51:11
Commandline: apt install bzip2 ; Start-Date: 2025-10-19  06:35:16 ; End-Date: 2025-10-19  06:35:22
Commandline: apt install 7zip ; Start-Date: 2025-10-19  06:35:35 ; End-Date: 2025-10-19  06:35:41
