2025-10-19 16:58:01 - Запуск observer.sh ...
2025-10-19 16:58:01 - CHECK: template_task.sh
2025-10-19 16:58:01 - STATUS: template_task.sh не запущен
2025-10-19 16:58:01 - ERROR: Не удалось запустить 
2025-10-19 16:58:01 - CHECK: proc1
2025-10-19 16:58:01 - STATUS: proc1 не запущен
2025-10-19 16:58:01 - PROCESS START:  (PID: /proc/947)
2025-10-19 16:58:01 - CHECK: proc2
2025-10-19 16:58:01 - STATUS: proc2 не запущен
2025-10-19 16:58:01 - PROCESS START:  (PID: /proc/947)
2025-10-19 16:58:01 - CHECK: proc3
2025-10-19 16:58:01 - STATUS: proc3 не запущен
2025-10-19 16:58:01 - PROCESS START:  (PID: /proc/947)
2025-10-19 16:58:01 - CHECK: 
2025-10-19 16:58:01 - STATUS:  запущен
2025-10-19 16:58:01 - Выполнение проверки завершено
2025-10-19 16:58:01 - 
2025-10-19 16:59:01 - Запуск observer.sh ...
2025-10-19 16:59:01 - CHECK: template_task.sh
2025-10-19 16:59:01 - STATUS: template_task.sh не запущен
2025-10-19 16:59:02 - ERROR: Не удалось запустить 
2025-10-19 16:59:02 - CHECK: proc1
2025-10-19 16:59:02 - STATUS: proc1 запущен
2025-10-19 16:59:02 - CHECK: proc2
2025-10-19 16:59:02 - STATUS: proc2 запущен
2025-10-19 16:59:02 - CHECK: proc3
2025-10-19 16:59:02 - STATUS: proc3 запущен
2025-10-19 16:59:02 - CHECK: 
2025-10-19 16:59:02 - STATUS:  запущен
2025-10-19 16:59:02 - Выполнение проверки завершено
2025-10-19 16:59:02 - 
2025-10-19 17:00:01 - Запуск observer.sh ...
2025-10-19 17:00:01 - CHECK: template_task.sh
2025-10-19 17:00:01 - STATUS: template_task.sh не запущен
2025-10-19 17:00:01 - ERROR: Не удалось запустить 
2025-10-19 17:00:01 - CHECK: proc1
2025-10-19 17:00:01 - STATUS: proc1 запущен
2025-10-19 17:00:01 - CHECK: proc2
2025-10-19 17:00:01 - STATUS: proc2 запущен
2025-10-19 17:00:01 - CHECK: proc3
2025-10-19 17:00:01 - STATUS: proc3 запущен
2025-10-19 17:00:01 - CHECK: 
2025-10-19 17:00:01 - STATUS:  запущен
2025-10-19 17:00:01 - Выполнение проверки завершено
2025-10-19 17:00:01 - 
2025-10-19 17:01:01 - Запуск observer.sh ...
2025-10-19 17:01:01 - CHECK: template_task.sh
2025-10-19 17:01:01 - STATUS: template_task.sh не запущен
2025-10-19 17:01:02 - ERROR: Не удалось запустить 
2025-10-19 17:01:02 - CHECK: proc1
2025-10-19 17:01:02 - STATUS: proc1 запущен
2025-10-19 17:01:02 - CHECK: proc2
2025-10-19 17:01:02 - STATUS: proc2 запущен
2025-10-19 17:01:02 - CHECK: proc3
2025-10-19 17:01:02 - STATUS: proc3 запущен
2025-10-19 17:01:02 - CHECK: 
2025-10-19 17:01:02 - STATUS:  запущен
2025-10-19 17:01:02 - Выполнение проверки завершено
2025-10-19 17:01:02 - 
